[3.131s] Invoking command in '/home/rex/Desktop/workDrive/hils_ugv/hils_ugv/build/hils_ugv_base': PYTHONPATH=/home/rex/Desktop/workDrive/hils_ugv/hils_ugv/build/hils_ugv_base/prefix_override:/usr/lib/python3/dist-packages/colcon_core/task/python/colcon_distutils_commands:/home/rex/Desktop/workDrive/hils_ugv/hils_ugv/install/hils_ugv_base/lib/python3.10/site-packages:${PYTHONPATH} /usr/bin/python3 -W ignore:setup.py install is deprecated -W ignore:easy_install command is deprecated setup.py develop --editable --build-directory /home/rex/Desktop/workDrive/hils_ugv/hils_ugv/build/hils_ugv_base/build --no-deps symlink_data
[3.617s] running develop
[3.823s] running egg_info
[3.823s] creating hils_ugv_base.egg-info
[3.823s] writing hils_ugv_base.egg-info/PKG-INFO
[3.824s] writing dependency_links to hils_ugv_base.egg-info/dependency_links.txt
[3.824s] writing entry points to hils_ugv_base.egg-info/entry_points.txt
[3.824s] writing requirements to hils_ugv_base.egg-info/requires.txt
[3.824s] writing top-level names to hils_ugv_base.egg-info/top_level.txt
[3.824s] writing manifest file 'hils_ugv_base.egg-info/SOURCES.txt'
[3.826s] reading manifest file 'hils_ugv_base.egg-info/SOURCES.txt'
[3.827s] writing manifest file 'hils_ugv_base.egg-info/SOURCES.txt'
[3.828s] running build_ext
[3.829s] Creating /home/rex/Desktop/workDrive/hils_ugv/hils_ugv/install/hils_ugv_base/lib/python3.10/site-packages/hils-ugv-base.egg-link (link to .)
[3.830s] 
[3.830s] Installed /home/rex/Desktop/workDrive/hils_ugv/hils_ugv/build/hils_ugv_base
[3.830s] running symlink_data
[3.830s] creating /home/rex/Desktop/workDrive/hils_ugv/hils_ugv/install/hils_ugv_base/share/ament_index
[3.831s] creating /home/rex/Desktop/workDrive/hils_ugv/hils_ugv/install/hils_ugv_base/share/ament_index/resource_index
[3.831s] creating /home/rex/Desktop/workDrive/hils_ugv/hils_ugv/install/hils_ugv_base/share/ament_index/resource_index/packages
[3.831s] symbolically linking /home/rex/Desktop/workDrive/hils_ugv/hils_ugv/build/hils_ugv_base/resource/hils_ugv_base -> /home/rex/Desktop/workDrive/hils_ugv/hils_ugv/install/hils_ugv_base/share/ament_index/resource_index/packages
[3.831s] symbolically linking /home/rex/Desktop/workDrive/hils_ugv/hils_ugv/build/hils_ugv_base/package.xml -> /home/rex/Desktop/workDrive/hils_ugv/hils_ugv/install/hils_ugv_base/share/hils_ugv_base
[3.866s] Invoked command in '/home/rex/Desktop/workDrive/hils_ugv/hils_ugv/build/hils_ugv_base' returned '0': PYTHONPATH=/home/rex/Desktop/workDrive/hils_ugv/hils_ugv/build/hils_ugv_base/prefix_override:/usr/lib/python3/dist-packages/colcon_core/task/python/colcon_distutils_commands:/home/rex/Desktop/workDrive/hils_ugv/hils_ugv/install/hils_ugv_base/lib/python3.10/site-packages:${PYTHONPATH} /usr/bin/python3 -W ignore:setup.py install is deprecated -W ignore:easy_install command is deprecated setup.py develop --editable --build-directory /home/rex/Desktop/workDrive/hils_ugv/hils_ugv/build/hils_ugv_base/build --no-deps symlink_data
