[3.091s] Invoking command in '/home/rex/Desktop/workDrive/hils_ugv/hils_ugv/build/hils_ugv_navigation': PYTHONPATH=/home/rex/Desktop/workDrive/hils_ugv/hils_ugv/build/hils_ugv_navigation/prefix_override:/usr/lib/python3/dist-packages/colcon_core/task/python/colcon_distutils_commands:/home/rex/Desktop/workDrive/hils_ugv/hils_ugv/install/hils_ugv_navigation/lib/python3.10/site-packages:${PYTHONPATH} /usr/bin/python3 -W ignore:setup.py install is deprecated -W ignore:easy_install command is deprecated setup.py develop --editable --build-directory /home/rex/Desktop/workDrive/hils_ugv/hils_ugv/build/hils_ugv_navigation/build --no-deps symlink_data
[3.576s] running develop
[3.785s] running egg_info
[3.786s] creating hils_ugv_navigation.egg-info
[3.786s] writing hils_ugv_navigation.egg-info/PKG-INFO
[3.786s] writing dependency_links to hils_ugv_navigation.egg-info/dependency_links.txt
[3.786s] writing entry points to hils_ugv_navigation.egg-info/entry_points.txt
[3.786s] writing requirements to hils_ugv_navigation.egg-info/requires.txt
[3.786s] writing top-level names to hils_ugv_navigation.egg-info/top_level.txt
[3.786s] writing manifest file 'hils_ugv_navigation.egg-info/SOURCES.txt'
[3.789s] reading manifest file 'hils_ugv_navigation.egg-info/SOURCES.txt'
[3.790s] writing manifest file 'hils_ugv_navigation.egg-info/SOURCES.txt'
[3.791s] running build_ext
[3.791s] Creating /home/rex/Desktop/workDrive/hils_ugv/hils_ugv/install/hils_ugv_navigation/lib/python3.10/site-packages/hils-ugv-navigation.egg-link (link to .)
[3.792s] 
[3.792s] Installed /home/rex/Desktop/workDrive/hils_ugv/hils_ugv/build/hils_ugv_navigation
[3.792s] running symlink_data
[3.792s] creating /home/rex/Desktop/workDrive/hils_ugv/hils_ugv/install/hils_ugv_navigation/share/ament_index
[3.792s] creating /home/rex/Desktop/workDrive/hils_ugv/hils_ugv/install/hils_ugv_navigation/share/ament_index/resource_index
[3.792s] creating /home/rex/Desktop/workDrive/hils_ugv/hils_ugv/install/hils_ugv_navigation/share/ament_index/resource_index/packages
[3.792s] symbolically linking /home/rex/Desktop/workDrive/hils_ugv/hils_ugv/build/hils_ugv_navigation/resource/hils_ugv_navigation -> /home/rex/Desktop/workDrive/hils_ugv/hils_ugv/install/hils_ugv_navigation/share/ament_index/resource_index/packages
[3.793s] symbolically linking /home/rex/Desktop/workDrive/hils_ugv/hils_ugv/build/hils_ugv_navigation/package.xml -> /home/rex/Desktop/workDrive/hils_ugv/hils_ugv/install/hils_ugv_navigation/share/hils_ugv_navigation
[3.834s] Invoked command in '/home/rex/Desktop/workDrive/hils_ugv/hils_ugv/build/hils_ugv_navigation' returned '0': PYTHONPATH=/home/rex/Desktop/workDrive/hils_ugv/hils_ugv/build/hils_ugv_navigation/prefix_override:/usr/lib/python3/dist-packages/colcon_core/task/python/colcon_distutils_commands:/home/rex/Desktop/workDrive/hils_ugv/hils_ugv/install/hils_ugv_navigation/lib/python3.10/site-packages:${PYTHONPATH} /usr/bin/python3 -W ignore:setup.py install is deprecated -W ignore:easy_install command is deprecated setup.py develop --editable --build-directory /home/rex/Desktop/workDrive/hils_ugv/hils_ugv/build/hils_ugv_navigation/build --no-deps symlink_data
