[0.096s] DEBUG:colcon:Command line arguments: ['/usr/bin/colcon', 'build', '--symlink-install']
[0.096s] DEBUG:colcon:Parsed command line arguments: Namespace(log_base=None, log_level=None, verb_name='build', build_base='build', install_base='install', merge_install=False, symlink_install=True, test_result_base=None, continue_on_error=False, executor='parallel', parallel_workers=8, event_handlers=None, ignore_user_meta=False, metas=['./colcon.meta'], base_paths=['.'], packages_ignore=None, packages_ignore_regex=None, paths=None, packages_up_to=None, packages_up_to_regex=None, packages_above=None, packages_above_and_dependencies=None, packages_above_depth=None, packages_select_by_dep=None, packages_skip_by_dep=None, packages_skip_up_to=None, packages_select_build_failed=False, packages_skip_build_finished=False, packages_select_test_failures=False, packages_skip_test_passed=False, packages_select=None, packages_skip=None, packages_select_regex=None, packages_skip_regex=None, packages_start=None, packages_end=None, allow_overriding=[], cmake_args=None, cmake_target=None, cmake_target_skip_unavailable=False, cmake_clean_cache=False, cmake_clean_first=False, cmake_force_configure=False, ament_cmake_args=None, catkin_cmake_args=None, catkin_skip_building_tests=False, verb_parser=<colcon_defaults.argument_parser.defaults.DefaultArgumentsDecorator object at 0x7b86a0f4e740>, verb_extension=<colcon_core.verb.build.BuildVerb object at 0x7b86a0f4e200>, main=<bound method BuildVerb.main of <colcon_core.verb.build.BuildVerb object at 0x7b86a0f4e200>>)
[0.247s] Level 1:colcon.colcon_core.package_discovery:discover_packages(colcon_meta) check parameters
[0.247s] Level 1:colcon.colcon_core.package_discovery:discover_packages(recursive) check parameters
[0.247s] Level 1:colcon.colcon_core.package_discovery:discover_packages(ignore) check parameters
[0.247s] Level 1:colcon.colcon_core.package_discovery:discover_packages(path) check parameters
[0.248s] Level 1:colcon.colcon_core.package_discovery:discover_packages(colcon_meta) discover
[0.248s] Level 1:colcon.colcon_core.package_discovery:discover_packages(recursive) discover
[0.248s] INFO:colcon.colcon_core.package_discovery:Crawling recursively for packages in '/home/rex/Desktop/workDrive/hils_ugv/hils_ugv'
[0.248s] Level 1:colcon.colcon_core.package_identification:_identify(.) by extensions ['ignore', 'ignore_ament_install']
[0.248s] Level 1:colcon.colcon_core.package_identification:_identify(.) by extension 'ignore'
[0.248s] Level 1:colcon.colcon_core.package_identification:_identify(.) by extension 'ignore_ament_install'
[0.248s] Level 1:colcon.colcon_core.package_identification:_identify(.) by extensions ['colcon_pkg']
[0.248s] Level 1:colcon.colcon_core.package_identification:_identify(.) by extension 'colcon_pkg'
[0.248s] Level 1:colcon.colcon_core.package_identification:_identify(.) by extensions ['colcon_meta']
[0.248s] Level 1:colcon.colcon_core.package_identification:_identify(.) by extension 'colcon_meta'
[0.248s] Level 1:colcon.colcon_core.package_identification:_identify(.) by extensions ['ros']
[0.249s] Level 1:colcon.colcon_core.package_identification:_identify(.) by extension 'ros'
[0.259s] Level 1:colcon.colcon_core.package_identification:_identify(.) by extensions ['cmake', 'python']
[0.259s] Level 1:colcon.colcon_core.package_identification:_identify(.) by extension 'cmake'
[0.259s] Level 1:colcon.colcon_core.package_identification:_identify(.) by extension 'python'
[0.259s] Level 1:colcon.colcon_core.package_identification:_identify(.) by extensions ['python_setup_py']
[0.259s] Level 1:colcon.colcon_core.package_identification:_identify(.) by extension 'python_setup_py'
[0.259s] Level 1:colcon.colcon_core.package_identification:_identify(build) by extensions ['ignore', 'ignore_ament_install']
[0.259s] Level 1:colcon.colcon_core.package_identification:_identify(build) by extension 'ignore'
[0.259s] Level 1:colcon.colcon_core.package_identification:_identify(build) ignored
[0.259s] Level 1:colcon.colcon_core.package_identification:_identify(install) by extensions ['ignore', 'ignore_ament_install']
[0.260s] Level 1:colcon.colcon_core.package_identification:_identify(install) by extension 'ignore'
[0.260s] Level 1:colcon.colcon_core.package_identification:_identify(install) ignored
[0.260s] Level 1:colcon.colcon_core.package_identification:_identify(log) by extensions ['ignore', 'ignore_ament_install']
[0.260s] Level 1:colcon.colcon_core.package_identification:_identify(log) by extension 'ignore'
[0.260s] Level 1:colcon.colcon_core.package_identification:_identify(log) ignored
[0.260s] Level 1:colcon.colcon_core.package_identification:_identify(src) by extensions ['ignore', 'ignore_ament_install']
[0.260s] Level 1:colcon.colcon_core.package_identification:_identify(src) by extension 'ignore'
[0.260s] Level 1:colcon.colcon_core.package_identification:_identify(src) by extension 'ignore_ament_install'
[0.260s] Level 1:colcon.colcon_core.package_identification:_identify(src) by extensions ['colcon_pkg']
[0.260s] Level 1:colcon.colcon_core.package_identification:_identify(src) by extension 'colcon_pkg'
[0.260s] Level 1:colcon.colcon_core.package_identification:_identify(src) by extensions ['colcon_meta']
[0.261s] Level 1:colcon.colcon_core.package_identification:_identify(src) by extension 'colcon_meta'
[0.261s] Level 1:colcon.colcon_core.package_identification:_identify(src) by extensions ['ros']
[0.261s] Level 1:colcon.colcon_core.package_identification:_identify(src) by extension 'ros'
[0.261s] Level 1:colcon.colcon_core.package_identification:_identify(src) by extensions ['cmake', 'python']
[0.261s] Level 1:colcon.colcon_core.package_identification:_identify(src) by extension 'cmake'
[0.261s] Level 1:colcon.colcon_core.package_identification:_identify(src) by extension 'python'
[0.261s] Level 1:colcon.colcon_core.package_identification:_identify(src) by extensions ['python_setup_py']
[0.261s] Level 1:colcon.colcon_core.package_identification:_identify(src) by extension 'python_setup_py'
[0.261s] Level 1:colcon.colcon_core.package_identification:_identify(src/hils_ugv_base) by extensions ['ignore', 'ignore_ament_install']
[0.261s] Level 1:colcon.colcon_core.package_identification:_identify(src/hils_ugv_base) by extension 'ignore'
[0.261s] Level 1:colcon.colcon_core.package_identification:_identify(src/hils_ugv_base) by extension 'ignore_ament_install'
[0.261s] Level 1:colcon.colcon_core.package_identification:_identify(src/hils_ugv_base) by extensions ['colcon_pkg']
[0.261s] Level 1:colcon.colcon_core.package_identification:_identify(src/hils_ugv_base) by extension 'colcon_pkg'
[0.262s] Level 1:colcon.colcon_core.package_identification:_identify(src/hils_ugv_base) by extensions ['colcon_meta']
[0.262s] Level 1:colcon.colcon_core.package_identification:_identify(src/hils_ugv_base) by extension 'colcon_meta'
[0.262s] Level 1:colcon.colcon_core.package_identification:_identify(src/hils_ugv_base) by extensions ['ros']
[0.262s] Level 1:colcon.colcon_core.package_identification:_identify(src/hils_ugv_base) by extension 'ros'
[0.302s] DEBUG:colcon.colcon_core.package_identification:Package 'src/hils_ugv_base' with type 'ros.ament_python' and name 'hils_ugv_base'
[0.302s] Level 1:colcon.colcon_core.package_identification:_identify(src/hils_ugv_bringup) by extensions ['ignore', 'ignore_ament_install']
[0.303s] Level 1:colcon.colcon_core.package_identification:_identify(src/hils_ugv_bringup) by extension 'ignore'
[0.303s] Level 1:colcon.colcon_core.package_identification:_identify(src/hils_ugv_bringup) by extension 'ignore_ament_install'
[0.303s] Level 1:colcon.colcon_core.package_identification:_identify(src/hils_ugv_bringup) by extensions ['colcon_pkg']
[0.303s] Level 1:colcon.colcon_core.package_identification:_identify(src/hils_ugv_bringup) by extension 'colcon_pkg'
[0.303s] Level 1:colcon.colcon_core.package_identification:_identify(src/hils_ugv_bringup) by extensions ['colcon_meta']
[0.303s] Level 1:colcon.colcon_core.package_identification:_identify(src/hils_ugv_bringup) by extension 'colcon_meta'
[0.303s] Level 1:colcon.colcon_core.package_identification:_identify(src/hils_ugv_bringup) by extensions ['ros']
[0.303s] Level 1:colcon.colcon_core.package_identification:_identify(src/hils_ugv_bringup) by extension 'ros'
[0.304s] DEBUG:colcon.colcon_core.package_identification:Package 'src/hils_ugv_bringup' with type 'ros.ament_python' and name 'hils_ugv_bringup'
[0.304s] Level 1:colcon.colcon_core.package_identification:_identify(src/hils_ugv_description) by extensions ['ignore', 'ignore_ament_install']
[0.304s] Level 1:colcon.colcon_core.package_identification:_identify(src/hils_ugv_description) by extension 'ignore'
[0.305s] Level 1:colcon.colcon_core.package_identification:_identify(src/hils_ugv_description) by extension 'ignore_ament_install'
[0.305s] Level 1:colcon.colcon_core.package_identification:_identify(src/hils_ugv_description) by extensions ['colcon_pkg']
[0.305s] Level 1:colcon.colcon_core.package_identification:_identify(src/hils_ugv_description) by extension 'colcon_pkg'
[0.305s] Level 1:colcon.colcon_core.package_identification:_identify(src/hils_ugv_description) by extensions ['colcon_meta']
[0.305s] Level 1:colcon.colcon_core.package_identification:_identify(src/hils_ugv_description) by extension 'colcon_meta'
[0.305s] Level 1:colcon.colcon_core.package_identification:_identify(src/hils_ugv_description) by extensions ['ros']
[0.305s] Level 1:colcon.colcon_core.package_identification:_identify(src/hils_ugv_description) by extension 'ros'
[0.306s] DEBUG:colcon.colcon_core.package_identification:Package 'src/hils_ugv_description' with type 'ros.ament_python' and name 'hils_ugv_description'
[0.306s] Level 1:colcon.colcon_core.package_identification:_identify(src/hils_ugv_gazebo) by extensions ['ignore', 'ignore_ament_install']
[0.306s] Level 1:colcon.colcon_core.package_identification:_identify(src/hils_ugv_gazebo) by extension 'ignore'
[0.306s] Level 1:colcon.colcon_core.package_identification:_identify(src/hils_ugv_gazebo) by extension 'ignore_ament_install'
[0.306s] Level 1:colcon.colcon_core.package_identification:_identify(src/hils_ugv_gazebo) by extensions ['colcon_pkg']
[0.306s] Level 1:colcon.colcon_core.package_identification:_identify(src/hils_ugv_gazebo) by extension 'colcon_pkg'
[0.306s] Level 1:colcon.colcon_core.package_identification:_identify(src/hils_ugv_gazebo) by extensions ['colcon_meta']
[0.306s] Level 1:colcon.colcon_core.package_identification:_identify(src/hils_ugv_gazebo) by extension 'colcon_meta'
[0.306s] Level 1:colcon.colcon_core.package_identification:_identify(src/hils_ugv_gazebo) by extensions ['ros']
[0.306s] Level 1:colcon.colcon_core.package_identification:_identify(src/hils_ugv_gazebo) by extension 'ros'
[0.307s] DEBUG:colcon.colcon_core.package_identification:Package 'src/hils_ugv_gazebo' with type 'ros.ament_python' and name 'hils_ugv_gazebo'
[0.307s] Level 1:colcon.colcon_core.package_identification:_identify(src/hils_ugv_navigation) by extensions ['ignore', 'ignore_ament_install']
[0.308s] Level 1:colcon.colcon_core.package_identification:_identify(src/hils_ugv_navigation) by extension 'ignore'
[0.308s] Level 1:colcon.colcon_core.package_identification:_identify(src/hils_ugv_navigation) by extension 'ignore_ament_install'
[0.308s] Level 1:colcon.colcon_core.package_identification:_identify(src/hils_ugv_navigation) by extensions ['colcon_pkg']
[0.308s] Level 1:colcon.colcon_core.package_identification:_identify(src/hils_ugv_navigation) by extension 'colcon_pkg'
[0.308s] Level 1:colcon.colcon_core.package_identification:_identify(src/hils_ugv_navigation) by extensions ['colcon_meta']
[0.308s] Level 1:colcon.colcon_core.package_identification:_identify(src/hils_ugv_navigation) by extension 'colcon_meta'
[0.308s] Level 1:colcon.colcon_core.package_identification:_identify(src/hils_ugv_navigation) by extensions ['ros']
[0.308s] Level 1:colcon.colcon_core.package_identification:_identify(src/hils_ugv_navigation) by extension 'ros'
[0.309s] DEBUG:colcon.colcon_core.package_identification:Package 'src/hils_ugv_navigation' with type 'ros.ament_python' and name 'hils_ugv_navigation'
[0.309s] Level 1:colcon.colcon_core.package_discovery:discover_packages(recursive) using defaults
[0.309s] Level 1:colcon.colcon_core.package_discovery:discover_packages(ignore) discover
[0.309s] Level 1:colcon.colcon_core.package_discovery:discover_packages(ignore) using defaults
[0.309s] Level 1:colcon.colcon_core.package_discovery:discover_packages(path) discover
[0.309s] Level 1:colcon.colcon_core.package_discovery:discover_packages(path) using defaults
[0.337s] Level 1:colcon.colcon_core.package_discovery:discover_packages(prefix_path) check parameters
[0.338s] Level 1:colcon.colcon_core.package_discovery:discover_packages(prefix_path) discover
[0.340s] DEBUG:colcon.colcon_installed_package_information.package_discovery:Found 278 installed packages in /opt/ros/humble
[0.341s] Level 1:colcon.colcon_core.package_discovery:discover_packages(prefix_path) using defaults
[0.374s] Level 5:colcon.colcon_core.verb:set package 'hils_ugv_base' build argument 'cmake_args' from command line to 'None'
[0.374s] Level 5:colcon.colcon_core.verb:set package 'hils_ugv_base' build argument 'cmake_target' from command line to 'None'
[0.374s] Level 5:colcon.colcon_core.verb:set package 'hils_ugv_base' build argument 'cmake_target_skip_unavailable' from command line to 'False'
[0.374s] Level 5:colcon.colcon_core.verb:set package 'hils_ugv_base' build argument 'cmake_clean_cache' from command line to 'False'
[0.374s] Level 5:colcon.colcon_core.verb:set package 'hils_ugv_base' build argument 'cmake_clean_first' from command line to 'False'
[0.374s] Level 5:colcon.colcon_core.verb:set package 'hils_ugv_base' build argument 'cmake_force_configure' from command line to 'False'
[0.374s] Level 5:colcon.colcon_core.verb:set package 'hils_ugv_base' build argument 'ament_cmake_args' from command line to 'None'
[0.374s] Level 5:colcon.colcon_core.verb:set package 'hils_ugv_base' build argument 'catkin_cmake_args' from command line to 'None'
[0.374s] Level 5:colcon.colcon_core.verb:set package 'hils_ugv_base' build argument 'catkin_skip_building_tests' from command line to 'False'
[0.374s] DEBUG:colcon.colcon_core.verb:Building package 'hils_ugv_base' with the following arguments: {'ament_cmake_args': None, 'build_base': '/home/rex/Desktop/workDrive/hils_ugv/hils_ugv/build/hils_ugv_base', 'catkin_cmake_args': None, 'catkin_skip_building_tests': False, 'cmake_args': None, 'cmake_clean_cache': False, 'cmake_clean_first': False, 'cmake_force_configure': False, 'cmake_target': None, 'cmake_target_skip_unavailable': False, 'install_base': '/home/rex/Desktop/workDrive/hils_ugv/hils_ugv/install/hils_ugv_base', 'merge_install': False, 'path': '/home/rex/Desktop/workDrive/hils_ugv/hils_ugv/src/hils_ugv_base', 'symlink_install': True, 'test_result_base': None}
[0.374s] Level 5:colcon.colcon_core.verb:set package 'hils_ugv_bringup' build argument 'cmake_args' from command line to 'None'
[0.374s] Level 5:colcon.colcon_core.verb:set package 'hils_ugv_bringup' build argument 'cmake_target' from command line to 'None'
[0.374s] Level 5:colcon.colcon_core.verb:set package 'hils_ugv_bringup' build argument 'cmake_target_skip_unavailable' from command line to 'False'
[0.374s] Level 5:colcon.colcon_core.verb:set package 'hils_ugv_bringup' build argument 'cmake_clean_cache' from command line to 'False'
[0.374s] Level 5:colcon.colcon_core.verb:set package 'hils_ugv_bringup' build argument 'cmake_clean_first' from command line to 'False'
[0.374s] Level 5:colcon.colcon_core.verb:set package 'hils_ugv_bringup' build argument 'cmake_force_configure' from command line to 'False'
[0.374s] Level 5:colcon.colcon_core.verb:set package 'hils_ugv_bringup' build argument 'ament_cmake_args' from command line to 'None'
[0.374s] Level 5:colcon.colcon_core.verb:set package 'hils_ugv_bringup' build argument 'catkin_cmake_args' from command line to 'None'
[0.374s] Level 5:colcon.colcon_core.verb:set package 'hils_ugv_bringup' build argument 'catkin_skip_building_tests' from command line to 'False'
[0.375s] DEBUG:colcon.colcon_core.verb:Building package 'hils_ugv_bringup' with the following arguments: {'ament_cmake_args': None, 'build_base': '/home/rex/Desktop/workDrive/hils_ugv/hils_ugv/build/hils_ugv_bringup', 'catkin_cmake_args': None, 'catkin_skip_building_tests': False, 'cmake_args': None, 'cmake_clean_cache': False, 'cmake_clean_first': False, 'cmake_force_configure': False, 'cmake_target': None, 'cmake_target_skip_unavailable': False, 'install_base': '/home/rex/Desktop/workDrive/hils_ugv/hils_ugv/install/hils_ugv_bringup', 'merge_install': False, 'path': '/home/rex/Desktop/workDrive/hils_ugv/hils_ugv/src/hils_ugv_bringup', 'symlink_install': True, 'test_result_base': None}
[0.375s] Level 5:colcon.colcon_core.verb:set package 'hils_ugv_description' build argument 'cmake_args' from command line to 'None'
[0.375s] Level 5:colcon.colcon_core.verb:set package 'hils_ugv_description' build argument 'cmake_target' from command line to 'None'
[0.375s] Level 5:colcon.colcon_core.verb:set package 'hils_ugv_description' build argument 'cmake_target_skip_unavailable' from command line to 'False'
[0.375s] Level 5:colcon.colcon_core.verb:set package 'hils_ugv_description' build argument 'cmake_clean_cache' from command line to 'False'
[0.375s] Level 5:colcon.colcon_core.verb:set package 'hils_ugv_description' build argument 'cmake_clean_first' from command line to 'False'
[0.375s] Level 5:colcon.colcon_core.verb:set package 'hils_ugv_description' build argument 'cmake_force_configure' from command line to 'False'
[0.375s] Level 5:colcon.colcon_core.verb:set package 'hils_ugv_description' build argument 'ament_cmake_args' from command line to 'None'
[0.375s] Level 5:colcon.colcon_core.verb:set package 'hils_ugv_description' build argument 'catkin_cmake_args' from command line to 'None'
[0.375s] Level 5:colcon.colcon_core.verb:set package 'hils_ugv_description' build argument 'catkin_skip_building_tests' from command line to 'False'
[0.375s] DEBUG:colcon.colcon_core.verb:Building package 'hils_ugv_description' with the following arguments: {'ament_cmake_args': None, 'build_base': '/home/rex/Desktop/workDrive/hils_ugv/hils_ugv/build/hils_ugv_description', 'catkin_cmake_args': None, 'catkin_skip_building_tests': False, 'cmake_args': None, 'cmake_clean_cache': False, 'cmake_clean_first': False, 'cmake_force_configure': False, 'cmake_target': None, 'cmake_target_skip_unavailable': False, 'install_base': '/home/rex/Desktop/workDrive/hils_ugv/hils_ugv/install/hils_ugv_description', 'merge_install': False, 'path': '/home/rex/Desktop/workDrive/hils_ugv/hils_ugv/src/hils_ugv_description', 'symlink_install': True, 'test_result_base': None}
[0.375s] Level 5:colcon.colcon_core.verb:set package 'hils_ugv_gazebo' build argument 'cmake_args' from command line to 'None'
[0.376s] Level 5:colcon.colcon_core.verb:set package 'hils_ugv_gazebo' build argument 'cmake_target' from command line to 'None'
[0.376s] Level 5:colcon.colcon_core.verb:set package 'hils_ugv_gazebo' build argument 'cmake_target_skip_unavailable' from command line to 'False'
[0.376s] Level 5:colcon.colcon_core.verb:set package 'hils_ugv_gazebo' build argument 'cmake_clean_cache' from command line to 'False'
[0.376s] Level 5:colcon.colcon_core.verb:set package 'hils_ugv_gazebo' build argument 'cmake_clean_first' from command line to 'False'
[0.376s] Level 5:colcon.colcon_core.verb:set package 'hils_ugv_gazebo' build argument 'cmake_force_configure' from command line to 'False'
[0.376s] Level 5:colcon.colcon_core.verb:set package 'hils_ugv_gazebo' build argument 'ament_cmake_args' from command line to 'None'
[0.376s] Level 5:colcon.colcon_core.verb:set package 'hils_ugv_gazebo' build argument 'catkin_cmake_args' from command line to 'None'
[0.376s] Level 5:colcon.colcon_core.verb:set package 'hils_ugv_gazebo' build argument 'catkin_skip_building_tests' from command line to 'False'
[0.376s] DEBUG:colcon.colcon_core.verb:Building package 'hils_ugv_gazebo' with the following arguments: {'ament_cmake_args': None, 'build_base': '/home/rex/Desktop/workDrive/hils_ugv/hils_ugv/build/hils_ugv_gazebo', 'catkin_cmake_args': None, 'catkin_skip_building_tests': False, 'cmake_args': None, 'cmake_clean_cache': False, 'cmake_clean_first': False, 'cmake_force_configure': False, 'cmake_target': None, 'cmake_target_skip_unavailable': False, 'install_base': '/home/rex/Desktop/workDrive/hils_ugv/hils_ugv/install/hils_ugv_gazebo', 'merge_install': False, 'path': '/home/rex/Desktop/workDrive/hils_ugv/hils_ugv/src/hils_ugv_gazebo', 'symlink_install': True, 'test_result_base': None}
[0.376s] Level 5:colcon.colcon_core.verb:set package 'hils_ugv_navigation' build argument 'cmake_args' from command line to 'None'
[0.376s] Level 5:colcon.colcon_core.verb:set package 'hils_ugv_navigation' build argument 'cmake_target' from command line to 'None'
[0.376s] Level 5:colcon.colcon_core.verb:set package 'hils_ugv_navigation' build argument 'cmake_target_skip_unavailable' from command line to 'False'
[0.376s] Level 5:colcon.colcon_core.verb:set package 'hils_ugv_navigation' build argument 'cmake_clean_cache' from command line to 'False'
[0.376s] Level 5:colcon.colcon_core.verb:set package 'hils_ugv_navigation' build argument 'cmake_clean_first' from command line to 'False'
[0.376s] Level 5:colcon.colcon_core.verb:set package 'hils_ugv_navigation' build argument 'cmake_force_configure' from command line to 'False'
[0.376s] Level 5:colcon.colcon_core.verb:set package 'hils_ugv_navigation' build argument 'ament_cmake_args' from command line to 'None'
[0.376s] Level 5:colcon.colcon_core.verb:set package 'hils_ugv_navigation' build argument 'catkin_cmake_args' from command line to 'None'
[0.376s] Level 5:colcon.colcon_core.verb:set package 'hils_ugv_navigation' build argument 'catkin_skip_building_tests' from command line to 'False'
[0.376s] DEBUG:colcon.colcon_core.verb:Building package 'hils_ugv_navigation' with the following arguments: {'ament_cmake_args': None, 'build_base': '/home/rex/Desktop/workDrive/hils_ugv/hils_ugv/build/hils_ugv_navigation', 'catkin_cmake_args': None, 'catkin_skip_building_tests': False, 'cmake_args': None, 'cmake_clean_cache': False, 'cmake_clean_first': False, 'cmake_force_configure': False, 'cmake_target': None, 'cmake_target_skip_unavailable': False, 'install_base': '/home/rex/Desktop/workDrive/hils_ugv/hils_ugv/install/hils_ugv_navigation', 'merge_install': False, 'path': '/home/rex/Desktop/workDrive/hils_ugv/hils_ugv/src/hils_ugv_navigation', 'symlink_install': True, 'test_result_base': None}
[0.376s] INFO:colcon.colcon_core.executor:Executing jobs using 'parallel' executor
[0.378s] DEBUG:colcon.colcon_parallel_executor.executor.parallel:run_until_complete
[0.378s] INFO:colcon.colcon_ros.task.ament_python.build:Building ROS package in '/home/rex/Desktop/workDrive/hils_ugv/hils_ugv/src/hils_ugv_base' with build type 'ament_python'
[0.378s] Level 1:colcon.colcon_core.shell:create_environment_hook('hils_ugv_base', 'ament_prefix_path')
[0.380s] INFO:colcon.colcon_core.plugin_system:Skipping extension 'colcon_core.shell.bat': Not used on non-Windows systems
[0.380s] INFO:colcon.colcon_core.shell:Creating environment hook '/home/rex/Desktop/workDrive/hils_ugv/hils_ugv/install/hils_ugv_base/share/hils_ugv_base/hook/ament_prefix_path.ps1'
[0.389s] INFO:colcon.colcon_core.shell:Creating environment descriptor '/home/rex/Desktop/workDrive/hils_ugv/hils_ugv/install/hils_ugv_base/share/hils_ugv_base/hook/ament_prefix_path.dsv'
[0.397s] INFO:colcon.colcon_core.shell:Creating environment hook '/home/rex/Desktop/workDrive/hils_ugv/hils_ugv/install/hils_ugv_base/share/hils_ugv_base/hook/ament_prefix_path.sh'
[0.398s] INFO:colcon.colcon_core.shell:Skip shell extension 'powershell' for command environment: Not usable outside of PowerShell
[0.399s] DEBUG:colcon.colcon_core.shell:Skip shell extension 'dsv' for command environment
[0.406s] INFO:colcon.colcon_ros.task.ament_python.build:Building ROS package in '/home/rex/Desktop/workDrive/hils_ugv/hils_ugv/src/hils_ugv_bringup' with build type 'ament_python'
[0.406s] Level 1:colcon.colcon_core.shell:create_environment_hook('hils_ugv_bringup', 'ament_prefix_path')
[0.407s] INFO:colcon.colcon_core.shell:Creating environment hook '/home/rex/Desktop/workDrive/hils_ugv/hils_ugv/install/hils_ugv_bringup/share/hils_ugv_bringup/hook/ament_prefix_path.ps1'
[0.407s] INFO:colcon.colcon_core.shell:Creating environment descriptor '/home/rex/Desktop/workDrive/hils_ugv/hils_ugv/install/hils_ugv_bringup/share/hils_ugv_bringup/hook/ament_prefix_path.dsv'
[0.408s] INFO:colcon.colcon_core.shell:Creating environment hook '/home/rex/Desktop/workDrive/hils_ugv/hils_ugv/install/hils_ugv_bringup/share/hils_ugv_bringup/hook/ament_prefix_path.sh'
[0.408s] INFO:colcon.colcon_core.shell:Skip shell extension 'powershell' for command environment: Not usable outside of PowerShell
[0.408s] DEBUG:colcon.colcon_core.shell:Skip shell extension 'dsv' for command environment
[0.410s] INFO:colcon.colcon_ros.task.ament_python.build:Building ROS package in '/home/rex/Desktop/workDrive/hils_ugv/hils_ugv/src/hils_ugv_description' with build type 'ament_python'
[0.411s] Level 1:colcon.colcon_core.shell:create_environment_hook('hils_ugv_description', 'ament_prefix_path')
[0.411s] INFO:colcon.colcon_core.shell:Creating environment hook '/home/rex/Desktop/workDrive/hils_ugv/hils_ugv/install/hils_ugv_description/share/hils_ugv_description/hook/ament_prefix_path.ps1'
[0.411s] INFO:colcon.colcon_core.shell:Creating environment descriptor '/home/rex/Desktop/workDrive/hils_ugv/hils_ugv/install/hils_ugv_description/share/hils_ugv_description/hook/ament_prefix_path.dsv'
[0.412s] INFO:colcon.colcon_core.shell:Creating environment hook '/home/rex/Desktop/workDrive/hils_ugv/hils_ugv/install/hils_ugv_description/share/hils_ugv_description/hook/ament_prefix_path.sh'
[0.412s] INFO:colcon.colcon_core.shell:Skip shell extension 'powershell' for command environment: Not usable outside of PowerShell
[0.412s] DEBUG:colcon.colcon_core.shell:Skip shell extension 'dsv' for command environment
[0.415s] INFO:colcon.colcon_ros.task.ament_python.build:Building ROS package in '/home/rex/Desktop/workDrive/hils_ugv/hils_ugv/src/hils_ugv_gazebo' with build type 'ament_python'
[0.415s] Level 1:colcon.colcon_core.shell:create_environment_hook('hils_ugv_gazebo', 'ament_prefix_path')
[0.416s] INFO:colcon.colcon_core.shell:Creating environment hook '/home/rex/Desktop/workDrive/hils_ugv/hils_ugv/install/hils_ugv_gazebo/share/hils_ugv_gazebo/hook/ament_prefix_path.ps1'
[0.416s] INFO:colcon.colcon_core.shell:Creating environment descriptor '/home/rex/Desktop/workDrive/hils_ugv/hils_ugv/install/hils_ugv_gazebo/share/hils_ugv_gazebo/hook/ament_prefix_path.dsv'
[0.417s] INFO:colcon.colcon_core.shell:Creating environment hook '/home/rex/Desktop/workDrive/hils_ugv/hils_ugv/install/hils_ugv_gazebo/share/hils_ugv_gazebo/hook/ament_prefix_path.sh'
[0.417s] INFO:colcon.colcon_core.shell:Skip shell extension 'powershell' for command environment: Not usable outside of PowerShell
[0.417s] DEBUG:colcon.colcon_core.shell:Skip shell extension 'dsv' for command environment
[0.420s] INFO:colcon.colcon_ros.task.ament_python.build:Building ROS package in '/home/rex/Desktop/workDrive/hils_ugv/hils_ugv/src/hils_ugv_navigation' with build type 'ament_python'
[0.420s] Level 1:colcon.colcon_core.shell:create_environment_hook('hils_ugv_navigation', 'ament_prefix_path')
[0.420s] INFO:colcon.colcon_core.shell:Creating environment hook '/home/rex/Desktop/workDrive/hils_ugv/hils_ugv/install/hils_ugv_navigation/share/hils_ugv_navigation/hook/ament_prefix_path.ps1'
[0.421s] INFO:colcon.colcon_core.shell:Creating environment descriptor '/home/rex/Desktop/workDrive/hils_ugv/hils_ugv/install/hils_ugv_navigation/share/hils_ugv_navigation/hook/ament_prefix_path.dsv'
[0.421s] INFO:colcon.colcon_core.shell:Creating environment hook '/home/rex/Desktop/workDrive/hils_ugv/hils_ugv/install/hils_ugv_navigation/share/hils_ugv_navigation/hook/ament_prefix_path.sh'
[0.422s] INFO:colcon.colcon_core.shell:Skip shell extension 'powershell' for command environment: Not usable outside of PowerShell
[0.422s] DEBUG:colcon.colcon_core.shell:Skip shell extension 'dsv' for command environment
[0.669s] INFO:colcon.colcon_core.task.python.build:Building Python package in '/home/rex/Desktop/workDrive/hils_ugv/hils_ugv/src/hils_ugv_base'
[0.669s] INFO:colcon.colcon_core.shell:Skip shell extension 'powershell' for command environment: Not usable outside of PowerShell
[0.670s] DEBUG:colcon.colcon_core.shell:Skip shell extension 'dsv' for command environment
[0.904s] INFO:colcon.colcon_core.task.python.build:Building Python package in '/home/rex/Desktop/workDrive/hils_ugv/hils_ugv/src/hils_ugv_bringup'
[0.905s] INFO:colcon.colcon_core.shell:Skip shell extension 'powershell' for command environment: Not usable outside of PowerShell
[0.905s] DEBUG:colcon.colcon_core.shell:Skip shell extension 'dsv' for command environment
[1.139s] INFO:colcon.colcon_core.task.python.build:Building Python package in '/home/rex/Desktop/workDrive/hils_ugv/hils_ugv/src/hils_ugv_description'
[1.140s] INFO:colcon.colcon_core.shell:Skip shell extension 'powershell' for command environment: Not usable outside of PowerShell
[1.140s] DEBUG:colcon.colcon_core.shell:Skip shell extension 'dsv' for command environment
[1.377s] INFO:colcon.colcon_core.task.python.build:Building Python package in '/home/rex/Desktop/workDrive/hils_ugv/hils_ugv/src/hils_ugv_gazebo'
[1.378s] INFO:colcon.colcon_core.shell:Skip shell extension 'powershell' for command environment: Not usable outside of PowerShell
[1.378s] DEBUG:colcon.colcon_core.shell:Skip shell extension 'dsv' for command environment
[1.607s] INFO:colcon.colcon_core.task.python.build:Building Python package in '/home/rex/Desktop/workDrive/hils_ugv/hils_ugv/src/hils_ugv_navigation'
[1.607s] INFO:colcon.colcon_core.shell:Skip shell extension 'powershell' for command environment: Not usable outside of PowerShell
[1.607s] DEBUG:colcon.colcon_core.shell:Skip shell extension 'dsv' for command environment
[3.486s] DEBUG:colcon.colcon_core.event_handler.log_command:Invoking command in '/home/rex/Desktop/workDrive/hils_ugv/hils_ugv/build/hils_ugv_description': PYTHONPATH=/home/rex/Desktop/workDrive/hils_ugv/hils_ugv/build/hils_ugv_description/prefix_override:/usr/lib/python3/dist-packages/colcon_core/task/python/colcon_distutils_commands:/home/rex/Desktop/workDrive/hils_ugv/hils_ugv/install/hils_ugv_description/lib/python3.10/site-packages:${PYTHONPATH} /usr/bin/python3 -W ignore:setup.py install is deprecated -W ignore:easy_install command is deprecated setup.py develop --editable --build-directory /home/rex/Desktop/workDrive/hils_ugv/hils_ugv/build/hils_ugv_description/build --no-deps symlink_data
[3.490s] DEBUG:colcon.colcon_core.event_handler.log_command:Invoking command in '/home/rex/Desktop/workDrive/hils_ugv/hils_ugv/build/hils_ugv_gazebo': PYTHONPATH=/home/rex/Desktop/workDrive/hils_ugv/hils_ugv/build/hils_ugv_gazebo/prefix_override:/usr/lib/python3/dist-packages/colcon_core/task/python/colcon_distutils_commands:/home/rex/Desktop/workDrive/hils_ugv/hils_ugv/install/hils_ugv_gazebo/lib/python3.10/site-packages:${PYTHONPATH} /usr/bin/python3 -W ignore:setup.py install is deprecated -W ignore:easy_install command is deprecated setup.py develop --editable --build-directory /home/rex/Desktop/workDrive/hils_ugv/hils_ugv/build/hils_ugv_gazebo/build --no-deps symlink_data
[3.494s] DEBUG:colcon.colcon_core.event_handler.log_command:Invoking command in '/home/rex/Desktop/workDrive/hils_ugv/hils_ugv/build/hils_ugv_bringup': PYTHONPATH=/home/rex/Desktop/workDrive/hils_ugv/hils_ugv/build/hils_ugv_bringup/prefix_override:/usr/lib/python3/dist-packages/colcon_core/task/python/colcon_distutils_commands:/home/rex/Desktop/workDrive/hils_ugv/hils_ugv/install/hils_ugv_bringup/lib/python3.10/site-packages:${PYTHONPATH} /usr/bin/python3 -W ignore:setup.py install is deprecated -W ignore:easy_install command is deprecated setup.py develop --editable --build-directory /home/rex/Desktop/workDrive/hils_ugv/hils_ugv/build/hils_ugv_bringup/build --no-deps symlink_data
[3.510s] DEBUG:colcon.colcon_core.event_handler.log_command:Invoking command in '/home/rex/Desktop/workDrive/hils_ugv/hils_ugv/build/hils_ugv_base': PYTHONPATH=/home/rex/Desktop/workDrive/hils_ugv/hils_ugv/build/hils_ugv_base/prefix_override:/usr/lib/python3/dist-packages/colcon_core/task/python/colcon_distutils_commands:/home/rex/Desktop/workDrive/hils_ugv/hils_ugv/install/hils_ugv_base/lib/python3.10/site-packages:${PYTHONPATH} /usr/bin/python3 -W ignore:setup.py install is deprecated -W ignore:easy_install command is deprecated setup.py develop --editable --build-directory /home/rex/Desktop/workDrive/hils_ugv/hils_ugv/build/hils_ugv_base/build --no-deps symlink_data
[3.512s] DEBUG:colcon.colcon_core.event_handler.log_command:Invoking command in '/home/rex/Desktop/workDrive/hils_ugv/hils_ugv/build/hils_ugv_navigation': PYTHONPATH=/home/rex/Desktop/workDrive/hils_ugv/hils_ugv/build/hils_ugv_navigation/prefix_override:/usr/lib/python3/dist-packages/colcon_core/task/python/colcon_distutils_commands:/home/rex/Desktop/workDrive/hils_ugv/hils_ugv/install/hils_ugv_navigation/lib/python3.10/site-packages:${PYTHONPATH} /usr/bin/python3 -W ignore:setup.py install is deprecated -W ignore:easy_install command is deprecated setup.py develop --editable --build-directory /home/rex/Desktop/workDrive/hils_ugv/hils_ugv/build/hils_ugv_navigation/build --no-deps symlink_data
[4.037s] Level 1:colcon.colcon_core.shell:create_environment_hook('hils_ugv_description', 'pythonpath_develop')
[4.038s] INFO:colcon.colcon_core.shell:Creating environment hook '/home/rex/Desktop/workDrive/hils_ugv/hils_ugv/build/hils_ugv_description/share/hils_ugv_description/hook/pythonpath_develop.ps1'
[4.039s] DEBUG:colcon.colcon_core.event_handler.log_command:Invoked command in '/home/rex/Desktop/workDrive/hils_ugv/hils_ugv/build/hils_ugv_description' returned '0': PYTHONPATH=/home/rex/Desktop/workDrive/hils_ugv/hils_ugv/build/hils_ugv_description/prefix_override:/usr/lib/python3/dist-packages/colcon_core/task/python/colcon_distutils_commands:/home/rex/Desktop/workDrive/hils_ugv/hils_ugv/install/hils_ugv_description/lib/python3.10/site-packages:${PYTHONPATH} /usr/bin/python3 -W ignore:setup.py install is deprecated -W ignore:easy_install command is deprecated setup.py develop --editable --build-directory /home/rex/Desktop/workDrive/hils_ugv/hils_ugv/build/hils_ugv_description/build --no-deps symlink_data
[4.039s] INFO:colcon.colcon_core.shell:Creating environment descriptor '/home/rex/Desktop/workDrive/hils_ugv/hils_ugv/build/hils_ugv_description/share/hils_ugv_description/hook/pythonpath_develop.dsv'
[4.040s] INFO:colcon.colcon_core.shell:Creating environment hook '/home/rex/Desktop/workDrive/hils_ugv/hils_ugv/build/hils_ugv_description/share/hils_ugv_description/hook/pythonpath_develop.sh'
[4.131s] Level 1:colcon.colcon_core.environment:checking '/home/rex/Desktop/workDrive/hils_ugv/hils_ugv/install/hils_ugv_description' for CMake module files
[4.131s] Level 1:colcon.colcon_core.environment:checking '/home/rex/Desktop/workDrive/hils_ugv/hils_ugv/install/hils_ugv_description' for CMake config files
[4.132s] Level 1:colcon.colcon_core.environment:checking '/home/rex/Desktop/workDrive/hils_ugv/hils_ugv/install/hils_ugv_description/lib'
[4.132s] Level 1:colcon.colcon_core.environment:checking '/home/rex/Desktop/workDrive/hils_ugv/hils_ugv/install/hils_ugv_description/bin'
[4.132s] Level 1:colcon.colcon_core.environment:checking '/home/rex/Desktop/workDrive/hils_ugv/hils_ugv/install/hils_ugv_description/lib/pkgconfig/hils_ugv_description.pc'
[4.132s] Level 1:colcon.colcon_core.environment:checking '/home/rex/Desktop/workDrive/hils_ugv/hils_ugv/install/hils_ugv_description/lib/python3.10/site-packages'
[4.132s] Level 1:colcon.colcon_core.shell:create_environment_hook('hils_ugv_description', 'pythonpath')
[4.132s] INFO:colcon.colcon_core.shell:Creating environment hook '/home/rex/Desktop/workDrive/hils_ugv/hils_ugv/install/hils_ugv_description/share/hils_ugv_description/hook/pythonpath.ps1'
[4.133s] INFO:colcon.colcon_core.shell:Creating environment descriptor '/home/rex/Desktop/workDrive/hils_ugv/hils_ugv/install/hils_ugv_description/share/hils_ugv_description/hook/pythonpath.dsv'
[4.133s] INFO:colcon.colcon_core.shell:Creating environment hook '/home/rex/Desktop/workDrive/hils_ugv/hils_ugv/install/hils_ugv_description/share/hils_ugv_description/hook/pythonpath.sh'
[4.134s] Level 1:colcon.colcon_core.environment:checking '/home/rex/Desktop/workDrive/hils_ugv/hils_ugv/install/hils_ugv_description/bin'
[4.134s] Level 1:colcon.colcon_core.environment:create_environment_scripts_only(hils_ugv_description)
[4.134s] INFO:colcon.colcon_core.shell:Creating package script '/home/rex/Desktop/workDrive/hils_ugv/hils_ugv/install/hils_ugv_description/share/hils_ugv_description/package.ps1'
[4.135s] INFO:colcon.colcon_core.shell:Creating package descriptor '/home/rex/Desktop/workDrive/hils_ugv/hils_ugv/install/hils_ugv_description/share/hils_ugv_description/package.dsv'
[4.136s] INFO:colcon.colcon_core.shell:Creating package script '/home/rex/Desktop/workDrive/hils_ugv/hils_ugv/install/hils_ugv_description/share/hils_ugv_description/package.sh'
[4.137s] INFO:colcon.colcon_core.shell:Creating package script '/home/rex/Desktop/workDrive/hils_ugv/hils_ugv/install/hils_ugv_description/share/hils_ugv_description/package.bash'
[4.152s] INFO:colcon.colcon_core.shell:Creating package script '/home/rex/Desktop/workDrive/hils_ugv/hils_ugv/install/hils_ugv_description/share/hils_ugv_description/package.zsh'
[4.154s] Level 1:colcon.colcon_core.environment:create_file_with_runtime_dependencies(/home/rex/Desktop/workDrive/hils_ugv/hils_ugv/install/hils_ugv_description/share/colcon-core/packages/hils_ugv_description)
[4.155s] Level 1:colcon.colcon_core.shell:create_environment_hook('hils_ugv_bringup', 'pythonpath_develop')
[4.156s] INFO:colcon.colcon_core.shell:Creating environment hook '/home/rex/Desktop/workDrive/hils_ugv/hils_ugv/build/hils_ugv_bringup/share/hils_ugv_bringup/hook/pythonpath_develop.ps1'
[4.157s] INFO:colcon.colcon_core.shell:Creating environment descriptor '/home/rex/Desktop/workDrive/hils_ugv/hils_ugv/build/hils_ugv_bringup/share/hils_ugv_bringup/hook/pythonpath_develop.dsv'
[4.157s] DEBUG:colcon.colcon_core.event_handler.log_command:Invoked command in '/home/rex/Desktop/workDrive/hils_ugv/hils_ugv/build/hils_ugv_bringup' returned '0': PYTHONPATH=/home/rex/Desktop/workDrive/hils_ugv/hils_ugv/build/hils_ugv_bringup/prefix_override:/usr/lib/python3/dist-packages/colcon_core/task/python/colcon_distutils_commands:/home/rex/Desktop/workDrive/hils_ugv/hils_ugv/install/hils_ugv_bringup/lib/python3.10/site-packages:${PYTHONPATH} /usr/bin/python3 -W ignore:setup.py install is deprecated -W ignore:easy_install command is deprecated setup.py develop --editable --build-directory /home/rex/Desktop/workDrive/hils_ugv/hils_ugv/build/hils_ugv_bringup/build --no-deps symlink_data
[4.157s] INFO:colcon.colcon_core.shell:Creating environment hook '/home/rex/Desktop/workDrive/hils_ugv/hils_ugv/build/hils_ugv_bringup/share/hils_ugv_bringup/hook/pythonpath_develop.sh'
[4.158s] Level 1:colcon.colcon_core.environment:checking '/home/rex/Desktop/workDrive/hils_ugv/hils_ugv/install/hils_ugv_bringup' for CMake module files
[4.158s] Level 1:colcon.colcon_core.environment:checking '/home/rex/Desktop/workDrive/hils_ugv/hils_ugv/install/hils_ugv_bringup' for CMake config files
[4.159s] Level 1:colcon.colcon_core.environment:checking '/home/rex/Desktop/workDrive/hils_ugv/hils_ugv/install/hils_ugv_bringup/lib'
[4.159s] Level 1:colcon.colcon_core.environment:checking '/home/rex/Desktop/workDrive/hils_ugv/hils_ugv/install/hils_ugv_bringup/bin'
[4.159s] Level 1:colcon.colcon_core.environment:checking '/home/rex/Desktop/workDrive/hils_ugv/hils_ugv/install/hils_ugv_bringup/lib/pkgconfig/hils_ugv_bringup.pc'
[4.159s] Level 1:colcon.colcon_core.environment:checking '/home/rex/Desktop/workDrive/hils_ugv/hils_ugv/install/hils_ugv_bringup/lib/python3.10/site-packages'
[4.159s] Level 1:colcon.colcon_core.shell:create_environment_hook('hils_ugv_bringup', 'pythonpath')
[4.159s] INFO:colcon.colcon_core.shell:Creating environment hook '/home/rex/Desktop/workDrive/hils_ugv/hils_ugv/install/hils_ugv_bringup/share/hils_ugv_bringup/hook/pythonpath.ps1'
[4.160s] INFO:colcon.colcon_core.shell:Creating environment descriptor '/home/rex/Desktop/workDrive/hils_ugv/hils_ugv/install/hils_ugv_bringup/share/hils_ugv_bringup/hook/pythonpath.dsv'
[4.160s] INFO:colcon.colcon_core.shell:Creating environment hook '/home/rex/Desktop/workDrive/hils_ugv/hils_ugv/install/hils_ugv_bringup/share/hils_ugv_bringup/hook/pythonpath.sh'
[4.160s] Level 1:colcon.colcon_core.environment:checking '/home/rex/Desktop/workDrive/hils_ugv/hils_ugv/install/hils_ugv_bringup/bin'
[4.160s] Level 1:colcon.colcon_core.environment:create_environment_scripts_only(hils_ugv_bringup)
[4.161s] INFO:colcon.colcon_core.shell:Creating package script '/home/rex/Desktop/workDrive/hils_ugv/hils_ugv/install/hils_ugv_bringup/share/hils_ugv_bringup/package.ps1'
[4.161s] INFO:colcon.colcon_core.shell:Creating package descriptor '/home/rex/Desktop/workDrive/hils_ugv/hils_ugv/install/hils_ugv_bringup/share/hils_ugv_bringup/package.dsv'
[4.162s] INFO:colcon.colcon_core.shell:Creating package script '/home/rex/Desktop/workDrive/hils_ugv/hils_ugv/install/hils_ugv_bringup/share/hils_ugv_bringup/package.sh'
[4.162s] INFO:colcon.colcon_core.shell:Creating package script '/home/rex/Desktop/workDrive/hils_ugv/hils_ugv/install/hils_ugv_bringup/share/hils_ugv_bringup/package.bash'
[4.163s] INFO:colcon.colcon_core.shell:Creating package script '/home/rex/Desktop/workDrive/hils_ugv/hils_ugv/install/hils_ugv_bringup/share/hils_ugv_bringup/package.zsh'
[4.163s] Level 1:colcon.colcon_core.environment:create_file_with_runtime_dependencies(/home/rex/Desktop/workDrive/hils_ugv/hils_ugv/install/hils_ugv_bringup/share/colcon-core/packages/hils_ugv_bringup)
[4.164s] Level 1:colcon.colcon_core.shell:create_environment_hook('hils_ugv_gazebo', 'pythonpath_develop')
[4.164s] INFO:colcon.colcon_core.shell:Creating environment hook '/home/rex/Desktop/workDrive/hils_ugv/hils_ugv/build/hils_ugv_gazebo/share/hils_ugv_gazebo/hook/pythonpath_develop.ps1'
[4.165s] DEBUG:colcon.colcon_core.event_handler.log_command:Invoked command in '/home/rex/Desktop/workDrive/hils_ugv/hils_ugv/build/hils_ugv_gazebo' returned '0': PYTHONPATH=/home/rex/Desktop/workDrive/hils_ugv/hils_ugv/build/hils_ugv_gazebo/prefix_override:/usr/lib/python3/dist-packages/colcon_core/task/python/colcon_distutils_commands:/home/rex/Desktop/workDrive/hils_ugv/hils_ugv/install/hils_ugv_gazebo/lib/python3.10/site-packages:${PYTHONPATH} /usr/bin/python3 -W ignore:setup.py install is deprecated -W ignore:easy_install command is deprecated setup.py develop --editable --build-directory /home/rex/Desktop/workDrive/hils_ugv/hils_ugv/build/hils_ugv_gazebo/build --no-deps symlink_data
[4.165s] INFO:colcon.colcon_core.shell:Creating environment descriptor '/home/rex/Desktop/workDrive/hils_ugv/hils_ugv/build/hils_ugv_gazebo/share/hils_ugv_gazebo/hook/pythonpath_develop.dsv'
[4.165s] INFO:colcon.colcon_core.shell:Creating environment hook '/home/rex/Desktop/workDrive/hils_ugv/hils_ugv/build/hils_ugv_gazebo/share/hils_ugv_gazebo/hook/pythonpath_develop.sh'
[4.166s] Level 1:colcon.colcon_core.environment:checking '/home/rex/Desktop/workDrive/hils_ugv/hils_ugv/install/hils_ugv_gazebo' for CMake module files
[4.166s] Level 1:colcon.colcon_core.environment:checking '/home/rex/Desktop/workDrive/hils_ugv/hils_ugv/install/hils_ugv_gazebo' for CMake config files
[4.167s] Level 1:colcon.colcon_core.environment:checking '/home/rex/Desktop/workDrive/hils_ugv/hils_ugv/install/hils_ugv_gazebo/lib'
[4.167s] Level 1:colcon.colcon_core.environment:checking '/home/rex/Desktop/workDrive/hils_ugv/hils_ugv/install/hils_ugv_gazebo/bin'
[4.167s] Level 1:colcon.colcon_core.environment:checking '/home/rex/Desktop/workDrive/hils_ugv/hils_ugv/install/hils_ugv_gazebo/lib/pkgconfig/hils_ugv_gazebo.pc'
[4.167s] Level 1:colcon.colcon_core.environment:checking '/home/rex/Desktop/workDrive/hils_ugv/hils_ugv/install/hils_ugv_gazebo/lib/python3.10/site-packages'
[4.168s] Level 1:colcon.colcon_core.shell:create_environment_hook('hils_ugv_gazebo', 'pythonpath')
[4.168s] INFO:colcon.colcon_core.shell:Creating environment hook '/home/rex/Desktop/workDrive/hils_ugv/hils_ugv/install/hils_ugv_gazebo/share/hils_ugv_gazebo/hook/pythonpath.ps1'
[4.169s] INFO:colcon.colcon_core.shell:Creating environment descriptor '/home/rex/Desktop/workDrive/hils_ugv/hils_ugv/install/hils_ugv_gazebo/share/hils_ugv_gazebo/hook/pythonpath.dsv'
[4.169s] INFO:colcon.colcon_core.shell:Creating environment hook '/home/rex/Desktop/workDrive/hils_ugv/hils_ugv/install/hils_ugv_gazebo/share/hils_ugv_gazebo/hook/pythonpath.sh'
[4.170s] Level 1:colcon.colcon_core.environment:checking '/home/rex/Desktop/workDrive/hils_ugv/hils_ugv/install/hils_ugv_gazebo/bin'
[4.170s] Level 1:colcon.colcon_core.environment:create_environment_scripts_only(hils_ugv_gazebo)
[4.171s] INFO:colcon.colcon_core.shell:Creating package script '/home/rex/Desktop/workDrive/hils_ugv/hils_ugv/install/hils_ugv_gazebo/share/hils_ugv_gazebo/package.ps1'
[4.171s] INFO:colcon.colcon_core.shell:Creating package descriptor '/home/rex/Desktop/workDrive/hils_ugv/hils_ugv/install/hils_ugv_gazebo/share/hils_ugv_gazebo/package.dsv'
[4.172s] INFO:colcon.colcon_core.shell:Creating package script '/home/rex/Desktop/workDrive/hils_ugv/hils_ugv/install/hils_ugv_gazebo/share/hils_ugv_gazebo/package.sh'
[4.172s] INFO:colcon.colcon_core.shell:Creating package script '/home/rex/Desktop/workDrive/hils_ugv/hils_ugv/install/hils_ugv_gazebo/share/hils_ugv_gazebo/package.bash'
[4.173s] INFO:colcon.colcon_core.shell:Creating package script '/home/rex/Desktop/workDrive/hils_ugv/hils_ugv/install/hils_ugv_gazebo/share/hils_ugv_gazebo/package.zsh'
[4.173s] Level 1:colcon.colcon_core.environment:create_file_with_runtime_dependencies(/home/rex/Desktop/workDrive/hils_ugv/hils_ugv/install/hils_ugv_gazebo/share/colcon-core/packages/hils_ugv_gazebo)
[4.244s] Level 1:colcon.colcon_core.shell:create_environment_hook('hils_ugv_base', 'pythonpath_develop')
[4.244s] INFO:colcon.colcon_core.shell:Creating environment hook '/home/rex/Desktop/workDrive/hils_ugv/hils_ugv/build/hils_ugv_base/share/hils_ugv_base/hook/pythonpath_develop.ps1'
[4.245s] DEBUG:colcon.colcon_core.event_handler.log_command:Invoked command in '/home/rex/Desktop/workDrive/hils_ugv/hils_ugv/build/hils_ugv_base' returned '0': PYTHONPATH=/home/rex/Desktop/workDrive/hils_ugv/hils_ugv/build/hils_ugv_base/prefix_override:/usr/lib/python3/dist-packages/colcon_core/task/python/colcon_distutils_commands:/home/rex/Desktop/workDrive/hils_ugv/hils_ugv/install/hils_ugv_base/lib/python3.10/site-packages:${PYTHONPATH} /usr/bin/python3 -W ignore:setup.py install is deprecated -W ignore:easy_install command is deprecated setup.py develop --editable --build-directory /home/rex/Desktop/workDrive/hils_ugv/hils_ugv/build/hils_ugv_base/build --no-deps symlink_data
[4.246s] INFO:colcon.colcon_core.shell:Creating environment descriptor '/home/rex/Desktop/workDrive/hils_ugv/hils_ugv/build/hils_ugv_base/share/hils_ugv_base/hook/pythonpath_develop.dsv'
[4.246s] INFO:colcon.colcon_core.shell:Creating environment hook '/home/rex/Desktop/workDrive/hils_ugv/hils_ugv/build/hils_ugv_base/share/hils_ugv_base/hook/pythonpath_develop.sh'
[4.246s] Level 1:colcon.colcon_core.environment:checking '/home/rex/Desktop/workDrive/hils_ugv/hils_ugv/install/hils_ugv_base' for CMake module files
[4.247s] Level 1:colcon.colcon_core.environment:checking '/home/rex/Desktop/workDrive/hils_ugv/hils_ugv/install/hils_ugv_base' for CMake config files
[4.247s] Level 1:colcon.colcon_core.environment:checking '/home/rex/Desktop/workDrive/hils_ugv/hils_ugv/install/hils_ugv_base/lib'
[4.248s] Level 1:colcon.colcon_core.environment:checking '/home/rex/Desktop/workDrive/hils_ugv/hils_ugv/install/hils_ugv_base/bin'
[4.248s] Level 1:colcon.colcon_core.environment:checking '/home/rex/Desktop/workDrive/hils_ugv/hils_ugv/install/hils_ugv_base/lib/pkgconfig/hils_ugv_base.pc'
[4.248s] Level 1:colcon.colcon_core.environment:checking '/home/rex/Desktop/workDrive/hils_ugv/hils_ugv/install/hils_ugv_base/lib/python3.10/site-packages'
[4.248s] Level 1:colcon.colcon_core.shell:create_environment_hook('hils_ugv_base', 'pythonpath')
[4.248s] INFO:colcon.colcon_core.shell:Creating environment hook '/home/rex/Desktop/workDrive/hils_ugv/hils_ugv/install/hils_ugv_base/share/hils_ugv_base/hook/pythonpath.ps1'
[4.249s] INFO:colcon.colcon_core.shell:Creating environment descriptor '/home/rex/Desktop/workDrive/hils_ugv/hils_ugv/install/hils_ugv_base/share/hils_ugv_base/hook/pythonpath.dsv'
[4.249s] INFO:colcon.colcon_core.shell:Creating environment hook '/home/rex/Desktop/workDrive/hils_ugv/hils_ugv/install/hils_ugv_base/share/hils_ugv_base/hook/pythonpath.sh'
[4.250s] Level 1:colcon.colcon_core.environment:checking '/home/rex/Desktop/workDrive/hils_ugv/hils_ugv/install/hils_ugv_base/bin'
[4.250s] Level 1:colcon.colcon_core.environment:create_environment_scripts_only(hils_ugv_base)
[4.250s] INFO:colcon.colcon_core.shell:Creating package script '/home/rex/Desktop/workDrive/hils_ugv/hils_ugv/install/hils_ugv_base/share/hils_ugv_base/package.ps1'
[4.250s] INFO:colcon.colcon_core.shell:Creating package descriptor '/home/rex/Desktop/workDrive/hils_ugv/hils_ugv/install/hils_ugv_base/share/hils_ugv_base/package.dsv'
[4.251s] INFO:colcon.colcon_core.shell:Creating package script '/home/rex/Desktop/workDrive/hils_ugv/hils_ugv/install/hils_ugv_base/share/hils_ugv_base/package.sh'
[4.251s] INFO:colcon.colcon_core.shell:Creating package script '/home/rex/Desktop/workDrive/hils_ugv/hils_ugv/install/hils_ugv_base/share/hils_ugv_base/package.bash'
[4.252s] INFO:colcon.colcon_core.shell:Creating package script '/home/rex/Desktop/workDrive/hils_ugv/hils_ugv/install/hils_ugv_base/share/hils_ugv_base/package.zsh'
[4.252s] Level 1:colcon.colcon_core.environment:create_file_with_runtime_dependencies(/home/rex/Desktop/workDrive/hils_ugv/hils_ugv/install/hils_ugv_base/share/colcon-core/packages/hils_ugv_base)
[4.254s] Level 1:colcon.colcon_core.shell:create_environment_hook('hils_ugv_navigation', 'pythonpath_develop')
[4.254s] INFO:colcon.colcon_core.shell:Creating environment hook '/home/rex/Desktop/workDrive/hils_ugv/hils_ugv/build/hils_ugv_navigation/share/hils_ugv_navigation/hook/pythonpath_develop.ps1'
[4.254s] DEBUG:colcon.colcon_core.event_handler.log_command:Invoked command in '/home/rex/Desktop/workDrive/hils_ugv/hils_ugv/build/hils_ugv_navigation' returned '0': PYTHONPATH=/home/rex/Desktop/workDrive/hils_ugv/hils_ugv/build/hils_ugv_navigation/prefix_override:/usr/lib/python3/dist-packages/colcon_core/task/python/colcon_distutils_commands:/home/rex/Desktop/workDrive/hils_ugv/hils_ugv/install/hils_ugv_navigation/lib/python3.10/site-packages:${PYTHONPATH} /usr/bin/python3 -W ignore:setup.py install is deprecated -W ignore:easy_install command is deprecated setup.py develop --editable --build-directory /home/rex/Desktop/workDrive/hils_ugv/hils_ugv/build/hils_ugv_navigation/build --no-deps symlink_data
[4.255s] INFO:colcon.colcon_core.shell:Creating environment descriptor '/home/rex/Desktop/workDrive/hils_ugv/hils_ugv/build/hils_ugv_navigation/share/hils_ugv_navigation/hook/pythonpath_develop.dsv'
[4.255s] INFO:colcon.colcon_core.shell:Creating environment hook '/home/rex/Desktop/workDrive/hils_ugv/hils_ugv/build/hils_ugv_navigation/share/hils_ugv_navigation/hook/pythonpath_develop.sh'
[4.256s] Level 1:colcon.colcon_core.environment:checking '/home/rex/Desktop/workDrive/hils_ugv/hils_ugv/install/hils_ugv_navigation' for CMake module files
[4.256s] Level 1:colcon.colcon_core.environment:checking '/home/rex/Desktop/workDrive/hils_ugv/hils_ugv/install/hils_ugv_navigation' for CMake config files
[4.257s] Level 1:colcon.colcon_core.environment:checking '/home/rex/Desktop/workDrive/hils_ugv/hils_ugv/install/hils_ugv_navigation/lib'
[4.257s] Level 1:colcon.colcon_core.environment:checking '/home/rex/Desktop/workDrive/hils_ugv/hils_ugv/install/hils_ugv_navigation/bin'
[4.257s] Level 1:colcon.colcon_core.environment:checking '/home/rex/Desktop/workDrive/hils_ugv/hils_ugv/install/hils_ugv_navigation/lib/pkgconfig/hils_ugv_navigation.pc'
[4.257s] Level 1:colcon.colcon_core.environment:checking '/home/rex/Desktop/workDrive/hils_ugv/hils_ugv/install/hils_ugv_navigation/lib/python3.10/site-packages'
[4.257s] Level 1:colcon.colcon_core.shell:create_environment_hook('hils_ugv_navigation', 'pythonpath')
[4.258s] INFO:colcon.colcon_core.shell:Creating environment hook '/home/rex/Desktop/workDrive/hils_ugv/hils_ugv/install/hils_ugv_navigation/share/hils_ugv_navigation/hook/pythonpath.ps1'
[4.258s] INFO:colcon.colcon_core.shell:Creating environment descriptor '/home/rex/Desktop/workDrive/hils_ugv/hils_ugv/install/hils_ugv_navigation/share/hils_ugv_navigation/hook/pythonpath.dsv'
[4.258s] INFO:colcon.colcon_core.shell:Creating environment hook '/home/rex/Desktop/workDrive/hils_ugv/hils_ugv/install/hils_ugv_navigation/share/hils_ugv_navigation/hook/pythonpath.sh'
[4.259s] Level 1:colcon.colcon_core.environment:checking '/home/rex/Desktop/workDrive/hils_ugv/hils_ugv/install/hils_ugv_navigation/bin'
[4.259s] Level 1:colcon.colcon_core.environment:create_environment_scripts_only(hils_ugv_navigation)
[4.259s] INFO:colcon.colcon_core.shell:Creating package script '/home/rex/Desktop/workDrive/hils_ugv/hils_ugv/install/hils_ugv_navigation/share/hils_ugv_navigation/package.ps1'
[4.260s] INFO:colcon.colcon_core.shell:Creating package descriptor '/home/rex/Desktop/workDrive/hils_ugv/hils_ugv/install/hils_ugv_navigation/share/hils_ugv_navigation/package.dsv'
[4.260s] INFO:colcon.colcon_core.shell:Creating package script '/home/rex/Desktop/workDrive/hils_ugv/hils_ugv/install/hils_ugv_navigation/share/hils_ugv_navigation/package.sh'
[4.261s] INFO:colcon.colcon_core.shell:Creating package script '/home/rex/Desktop/workDrive/hils_ugv/hils_ugv/install/hils_ugv_navigation/share/hils_ugv_navigation/package.bash'
[4.261s] INFO:colcon.colcon_core.shell:Creating package script '/home/rex/Desktop/workDrive/hils_ugv/hils_ugv/install/hils_ugv_navigation/share/hils_ugv_navigation/package.zsh'
[4.261s] Level 1:colcon.colcon_core.environment:create_file_with_runtime_dependencies(/home/rex/Desktop/workDrive/hils_ugv/hils_ugv/install/hils_ugv_navigation/share/colcon-core/packages/hils_ugv_navigation)
[4.262s] DEBUG:colcon.colcon_parallel_executor.executor.parallel:closing loop
[4.262s] DEBUG:colcon.colcon_parallel_executor.executor.parallel:loop closed
[4.262s] DEBUG:colcon.colcon_parallel_executor.executor.parallel:run_until_complete finished with '0'
[4.262s] DEBUG:colcon.colcon_core.event_reactor:joining thread
[4.267s] INFO:colcon.colcon_core.plugin_system:Skipping extension 'colcon_notification.desktop_notification.terminal_notifier': Not used on non-Darwin systems
[4.267s] INFO:colcon.colcon_core.plugin_system:Skipping extension 'colcon_notification.desktop_notification.win32': Not used on non-Windows systems
[4.267s] INFO:colcon.colcon_notification.desktop_notification:Sending desktop notification using 'notify2'
[4.277s] DEBUG:colcon.colcon_core.event_reactor:joined thread
[4.278s] INFO:colcon.colcon_core.shell:Creating prefix script '/home/rex/Desktop/workDrive/hils_ugv/hils_ugv/install/local_setup.ps1'
[4.279s] INFO:colcon.colcon_core.shell:Creating prefix util module '/home/rex/Desktop/workDrive/hils_ugv/hils_ugv/install/_local_setup_util_ps1.py'
[4.281s] INFO:colcon.colcon_core.shell:Creating prefix chain script '/home/rex/Desktop/workDrive/hils_ugv/hils_ugv/install/setup.ps1'
[4.283s] INFO:colcon.colcon_core.shell:Creating prefix script '/home/rex/Desktop/workDrive/hils_ugv/hils_ugv/install/local_setup.sh'
[4.283s] INFO:colcon.colcon_core.shell:Creating prefix util module '/home/rex/Desktop/workDrive/hils_ugv/hils_ugv/install/_local_setup_util_sh.py'
[4.284s] INFO:colcon.colcon_core.shell:Creating prefix chain script '/home/rex/Desktop/workDrive/hils_ugv/hils_ugv/install/setup.sh'
[4.285s] INFO:colcon.colcon_core.shell:Creating prefix script '/home/rex/Desktop/workDrive/hils_ugv/hils_ugv/install/local_setup.bash'
[4.285s] INFO:colcon.colcon_core.shell:Creating prefix chain script '/home/rex/Desktop/workDrive/hils_ugv/hils_ugv/install/setup.bash'
[4.286s] INFO:colcon.colcon_core.shell:Creating prefix script '/home/rex/Desktop/workDrive/hils_ugv/hils_ugv/install/local_setup.zsh'
[4.287s] INFO:colcon.colcon_core.shell:Creating prefix chain script '/home/rex/Desktop/workDrive/hils_ugv/hils_ugv/install/setup.zsh'
