[3.074s] Invoking command in '/home/rex/Desktop/workDrive/hils_ugv/hils_ugv/build/hils_ugv_gazebo': PYTHONPATH=/home/rex/Desktop/workDrive/hils_ugv/hils_ugv/build/hils_ugv_gazebo/prefix_override:/usr/lib/python3/dist-packages/colcon_core/task/python/colcon_distutils_commands:/home/rex/Desktop/workDrive/hils_ugv/hils_ugv/install/hils_ugv_gazebo/lib/python3.10/site-packages:${PYTHONPATH} /usr/bin/python3 -W ignore:setup.py install is deprecated -W ignore:easy_install command is deprecated setup.py develop --editable --build-directory /home/rex/Desktop/workDrive/hils_ugv/hils_ugv/build/hils_ugv_gazebo/build --no-deps symlink_data
[3.378s] running develop
[3.577s] running egg_info
[3.577s] creating hils_ugv_gazebo.egg-info
[3.578s] writing hils_ugv_gazebo.egg-info/PKG-INFO
[3.579s] writing dependency_links to hils_ugv_gazebo.egg-info/dependency_links.txt
[3.579s] writing entry points to hils_ugv_gazebo.egg-info/entry_points.txt
[3.579s] writing requirements to hils_ugv_gazebo.egg-info/requires.txt
[3.579s] writing top-level names to hils_ugv_gazebo.egg-info/top_level.txt
[3.579s] writing manifest file 'hils_ugv_gazebo.egg-info/SOURCES.txt'
[3.582s] reading manifest file 'hils_ugv_gazebo.egg-info/SOURCES.txt'
[3.584s] writing manifest file 'hils_ugv_gazebo.egg-info/SOURCES.txt'
[3.586s] running build_ext
[3.587s] Creating /home/rex/Desktop/workDrive/hils_ugv/hils_ugv/install/hils_ugv_gazebo/lib/python3.10/site-packages/hils-ugv-gazebo.egg-link (link to .)
[3.589s] 
[3.589s] Installed /home/rex/Desktop/workDrive/hils_ugv/hils_ugv/build/hils_ugv_gazebo
[3.589s] running symlink_data
[3.589s] creating /home/rex/Desktop/workDrive/hils_ugv/hils_ugv/install/hils_ugv_gazebo/share/ament_index
[3.589s] creating /home/rex/Desktop/workDrive/hils_ugv/hils_ugv/install/hils_ugv_gazebo/share/ament_index/resource_index
[3.590s] creating /home/rex/Desktop/workDrive/hils_ugv/hils_ugv/install/hils_ugv_gazebo/share/ament_index/resource_index/packages
[3.590s] symbolically linking /home/rex/Desktop/workDrive/hils_ugv/hils_ugv/build/hils_ugv_gazebo/resource/hils_ugv_gazebo -> /home/rex/Desktop/workDrive/hils_ugv/hils_ugv/install/hils_ugv_gazebo/share/ament_index/resource_index/packages
[3.590s] symbolically linking /home/rex/Desktop/workDrive/hils_ugv/hils_ugv/build/hils_ugv_gazebo/package.xml -> /home/rex/Desktop/workDrive/hils_ugv/hils_ugv/install/hils_ugv_gazebo/share/hils_ugv_gazebo
[3.749s] Invoked command in '/home/rex/Desktop/workDrive/hils_ugv/hils_ugv/build/hils_ugv_gazebo' returned '0': PYTHONPATH=/home/rex/Desktop/workDrive/hils_ugv/hils_ugv/build/hils_ugv_gazebo/prefix_override:/usr/lib/python3/dist-packages/colcon_core/task/python/colcon_distutils_commands:/home/rex/Desktop/workDrive/hils_ugv/hils_ugv/install/hils_ugv_gazebo/lib/python3.10/site-packages:${PYTHONPATH} /usr/bin/python3 -W ignore:setup.py install is deprecated -W ignore:easy_install command is deprecated setup.py develop --editable --build-directory /home/rex/Desktop/workDrive/hils_ugv/hils_ugv/build/hils_ugv_gazebo/build --no-deps symlink_data
